<?xml version="1.0" encoding="UTF-8"?>
<!-- Generated by org.testng.reporters.JUnitReportReporter -->
<testsuite hostname="LAPTOP-UO7F2SDL" name="FeaturesInTestNG.Grouping" tests="5" failures="0" timestamp="19 Mar 2019 04:24:23 GMT" time="0.059" errors="0">
  <testcase name="subtraction" time="0.003" classname="FeaturesInTestNG.Grouping"/>
  <testcase name="stringConcat" time="0.003" classname="FeaturesInTestNG.Grouping"/>
  <testcase name="division" time="0.025" classname="FeaturesInTestNG.Grouping"/>
  <testcase name="multiplication" time="0.011" classname="FeaturesInTestNG.Grouping"/>
  <testcase name="sum" time="0.017" classname="FeaturesInTestNG.Grouping"/>
</testsuite> <!-- FeaturesInTestNG.Grouping -->
