<?xml version="1.0" encoding="UTF-8"?>
<!-- Generated by org.testng.reporters.JUnitReportReporter -->
<testsuite hostname="LAPTOP-UO7F2SDL" name="AnnotationsInTestNG.Annotations" tests="1" failures="0" timestamp="20 Mar 2019 06:58:43 GMT" time="0.016" errors="0">
  <testcase name="test" time="0.016" classname="AnnotationsInTestNG.Annotations"/>
</testsuite> <!-- AnnotationsInTestNG.Annotations -->
