<?xml version="1.0" encoding="UTF-8"?>
<!-- Generated by org.testng.reporters.JUnitReportReporter -->
<testsuite hostname="LAPTOP-UO7F2SDL" name="FeaturesInTestNG.InvocationCount" tests="30" failures="0" timestamp="19 Mar 2019 04:28:13 GMT" time="0.137" errors="0">
  <testcase name="subtraction" time="0.002" classname="FeaturesInTestNG.InvocationCount"/>
  <testcase name="sum" time="0.003" classname="FeaturesInTestNG.InvocationCount"/>
  <testcase name="subtraction" time="0.002" classname="FeaturesInTestNG.InvocationCount"/>
  <testcase name="subtraction" time="0.003" classname="FeaturesInTestNG.InvocationCount"/>
  <testcase name="sum" time="0.002" classname="FeaturesInTestNG.InvocationCount"/>
  <testcase name="subtraction" time="0.028" classname="FeaturesInTestNG.InvocationCount"/>
  <testcase name="subtraction" time="0.004" classname="FeaturesInTestNG.InvocationCount"/>
  <testcase name="subtraction" time="0.004" classname="FeaturesInTestNG.InvocationCount"/>
  <testcase name="subtraction" time="0.003" classname="FeaturesInTestNG.InvocationCount"/>
  <testcase name="subtraction" time="0.004" classname="FeaturesInTestNG.InvocationCount"/>
  <testcase name="sum" time="0.003" classname="FeaturesInTestNG.InvocationCount"/>
  <testcase name="subtraction" time="0.003" classname="FeaturesInTestNG.InvocationCount"/>
  <testcase name="sum" time="0.002" classname="FeaturesInTestNG.InvocationCount"/>
  <testcase name="subtraction" time="0.003" classname="FeaturesInTestNG.InvocationCount"/>
  <testcase name="subtraction" time="0.005" classname="FeaturesInTestNG.InvocationCount"/>
  <testcase name="subtraction" time="0.003" classname="FeaturesInTestNG.InvocationCount"/>
  <testcase name="sum" time="0.003" classname="FeaturesInTestNG.InvocationCount"/>
  <testcase name="subtraction" time="0.003" classname="FeaturesInTestNG.InvocationCount"/>
  <testcase name="subtraction" time="0.003" classname="FeaturesInTestNG.InvocationCount"/>
  <testcase name="subtraction" time="0.002" classname="FeaturesInTestNG.InvocationCount"/>
  <testcase name="subtraction" time="0.002" classname="FeaturesInTestNG.InvocationCount"/>
  <testcase name="sum" time="0.002" classname="FeaturesInTestNG.InvocationCount"/>
  <testcase name="subtraction" time="0.003" classname="FeaturesInTestNG.InvocationCount"/>
  <testcase name="sum" time="0.011" classname="FeaturesInTestNG.InvocationCount"/>
  <testcase name="subtraction" time="0.003" classname="FeaturesInTestNG.InvocationCount"/>
  <testcase name="sum" time="0.003" classname="FeaturesInTestNG.InvocationCount"/>
  <testcase name="sum" time="0.016" classname="FeaturesInTestNG.InvocationCount"/>
  <testcase name="subtraction" time="0.007" classname="FeaturesInTestNG.InvocationCount"/>
  <testcase name="sum" time="0.002" classname="FeaturesInTestNG.InvocationCount"/>
  <testcase name="subtraction" time="0.003" classname="FeaturesInTestNG.InvocationCount"/>
</testsuite> <!-- FeaturesInTestNG.InvocationCount -->
