<?xml version="1.0" encoding="UTF-8"?>
<!-- Generated by org.testng.reporters.JUnitReportReporter -->
<testsuite hostname="LAPTOP-UO7F2SDL" name="ParametersinTestNG.Passingparametrs" tests="1" failures="0" timestamp="20 Mar 2019 12:29:20 GMT" time="32.474" errors="0">
  <testcase name="login" time="32.474" classname="ParametersinTestNG.Passingparametrs"/>
</testsuite> <!-- ParametersinTestNG.Passingparametrs -->
