<?xml version="1.0" encoding="UTF-8"?>
<!-- Generated by org.testng.reporters.JUnitReportReporter -->
<testsuite hostname="LAPTOP-UO7F2SDL" name="FeaturesInTestNG.DependsOnMethodTest" tests="1" failures="0" timestamp="19 Mar 2019 10:42:39 GMT" time="67.424" errors="0">
  <testcase name="login" time="67.424" classname="FeaturesInTestNG.DependsOnMethodTest"/>
</testsuite> <!-- FeaturesInTestNG.DependsOnMethodTest -->
