<?xml version="1.0" encoding="UTF-8"?>
<!-- Generated by org.testng.reporters.JUnitReportReporter -->
<testsuite hostname="LAPTOP-UO7F2SDL" name="FeaturesInTestNG.InvocationCount" tests="30" failures="0" timestamp="20 Mar 2019 06:58:43 GMT" time="0.076" errors="0">
  <testcase name="sum" time="0.000" classname="FeaturesInTestNG.InvocationCount"/>
  <testcase name="subtraction" time="0.004" classname="FeaturesInTestNG.InvocationCount"/>
  <testcase name="sum" time="0.004" classname="FeaturesInTestNG.InvocationCount"/>
  <testcase name="subtraction" time="0.008" classname="FeaturesInTestNG.InvocationCount"/>
  <testcase name="subtraction" time="0.000" classname="FeaturesInTestNG.InvocationCount"/>
  <testcase name="sum" time="0.000" classname="FeaturesInTestNG.InvocationCount"/>
  <testcase name="subtraction" time="0.000" classname="FeaturesInTestNG.InvocationCount"/>
  <testcase name="sum" time="0.004" classname="FeaturesInTestNG.InvocationCount"/>
  <testcase name="sum" time="0.004" classname="FeaturesInTestNG.InvocationCount"/>
  <testcase name="subtraction" time="0.004" classname="FeaturesInTestNG.InvocationCount"/>
  <testcase name="sum" time="0.000" classname="FeaturesInTestNG.InvocationCount"/>
  <testcase name="subtraction" time="0.004" classname="FeaturesInTestNG.InvocationCount"/>
  <testcase name="subtraction" time="0.000" classname="FeaturesInTestNG.InvocationCount"/>
  <testcase name="subtraction" time="0.004" classname="FeaturesInTestNG.InvocationCount"/>
  <testcase name="sum" time="0.000" classname="FeaturesInTestNG.InvocationCount"/>
  <testcase name="subtraction" time="0.004" classname="FeaturesInTestNG.InvocationCount"/>
  <testcase name="subtraction" time="0.000" classname="FeaturesInTestNG.InvocationCount"/>
  <testcase name="subtraction" time="0.004" classname="FeaturesInTestNG.InvocationCount"/>
  <testcase name="sum" time="0.000" classname="FeaturesInTestNG.InvocationCount"/>
  <testcase name="subtraction" time="0.004" classname="FeaturesInTestNG.InvocationCount"/>
  <testcase name="subtraction" time="0.004" classname="FeaturesInTestNG.InvocationCount"/>
  <testcase name="sum" time="0.008" classname="FeaturesInTestNG.InvocationCount"/>
  <testcase name="subtraction" time="0.000" classname="FeaturesInTestNG.InvocationCount"/>
  <testcase name="subtraction" time="0.000" classname="FeaturesInTestNG.InvocationCount"/>
  <testcase name="subtraction" time="0.004" classname="FeaturesInTestNG.InvocationCount"/>
  <testcase name="subtraction" time="0.004" classname="FeaturesInTestNG.InvocationCount"/>
  <testcase name="subtraction" time="0.004" classname="FeaturesInTestNG.InvocationCount"/>
  <testcase name="subtraction" time="0.000" classname="FeaturesInTestNG.InvocationCount"/>
  <testcase name="subtraction" time="0.000" classname="FeaturesInTestNG.InvocationCount"/>
  <testcase name="sum" time="0.004" classname="FeaturesInTestNG.InvocationCount"/>
</testsuite> <!-- FeaturesInTestNG.InvocationCount -->
