<?xml version="1.0" encoding="UTF-8"?>
<!-- Generated by org.testng.reporters.JUnitReportReporter -->
<testsuite hostname="LAPTOP-UO7F2SDL" name="FeaturesInTestNG.ExpectedException" tests="2" failures="0" timestamp="20 Mar 2019 04:02:09 GMT" time="0.888" errors="0">
  <testcase name="setup" time="0.797" classname="FeaturesInTestNG.ExpectedException"/>
  <testcase name="handleException" time="0.091" classname="FeaturesInTestNG.ExpectedException"/>
</testsuite> <!-- FeaturesInTestNG.ExpectedException -->
