<?xml version="1.0" encoding="UTF-8"?>
<!-- Generated by org.testng.reporters.JUnitReportReporter -->
<testsuite hostname="LAPTOP-UO7F2SDL" name="FeaturesInTestNG.Priority" tests="4" failures="0" timestamp="18 Mar 2019 10:14:45 GMT" time="0.038" errors="0">
  <testcase name="sum" time="0.002" classname="FeaturesInTestNG.Priority"/>
  <testcase name="subtraction" time="0.003" classname="FeaturesInTestNG.Priority"/>
  <testcase name="division" time="0.031" classname="FeaturesInTestNG.Priority"/>
  <testcase name="multiplication" time="0.002" classname="FeaturesInTestNG.Priority"/>
</testsuite> <!-- FeaturesInTestNG.Priority -->
