<?xml version="1.0" encoding="UTF-8"?>
<!-- Generated by org.testng.reporters.JUnitReportReporter -->
<testsuite hostname="LAPTOP-UO7F2SDL" name="FeaturesInTestNG.Priority" tests="4" failures="0" timestamp="20 Mar 2019 06:58:43 GMT" time="0.004" errors="0">
  <testcase name="multiplication" time="0.000" classname="FeaturesInTestNG.Priority"/>
  <testcase name="division" time="0.004" classname="FeaturesInTestNG.Priority"/>
  <testcase name="sum" time="0.000" classname="FeaturesInTestNG.Priority"/>
  <testcase name="subtraction" time="0.000" classname="FeaturesInTestNG.Priority"/>
</testsuite> <!-- FeaturesInTestNG.Priority -->
